Sync Errors Log:
❌ Error syncing SCI-773: {"code":"PGRST204","details":null,"hint":null,"message":"Could not find the 'department_id' column of 'modules' in the schema cache"}
❌ Error syncing SCI-498: {"code":"PGRST204","details":null,"hint":null,"message":"Could not find the 'department_id' column of 'modules' in the schema cache"}
❌ Error syncing SCI-458: {"code":"PGRST204","details":null,"hint":null,"message":"Could not find the 'department_id' column of 'modules' in the schema cache"}
❌ Error syncing SCI-699: {"code":"PGRST204","details":null,"hint":null,"message":"Could not find the 'department_id' column of 'modules' in the schema cache"}
❌ Error syncing SCI-462: {"code":"PGRST204","details":null,"hint":null,"message":"Could not find the 'department_id' column of 'modules' in the schema cache"}
❌ Error syncing SCI-630: {"code":"PGRST204","details":null,"hint":null,"message":"Could not find the 'department_id' column of 'modules' in the schema cache"}
❌ Error syncing BUS-595: {"code":"PGRST204","details":null,"hint":null,"message":"Could not find the 'department_id' column of 'modules' in the schema cache"}
❌ Error syncing BUS-488: {"code":"PGRST204","details":null,"hint":null,"message":"Could not find the 'department_id' column of 'modules' in the schema cache"}
❌ Error syncing BUS-937: {"code":"PGRST204","details":null,"hint":null,"message":"Could not find the 'department_id' column of 'modules' in the schema cache"}
❌ Error syncing BUS-827: {"code":"PGRST204","details":null,"hint":null,"message":"Could not find the 'department_id' column of 'modules' in the schema cache"}
❌ Error syncing BUS-945: {"code":"PGRST204","details":null,"hint":null,"message":"Could not find the 'department_id' column of 'modules' in the schema cache"}
❌ Error syncing BUS-949: {"code":"PGRST204","details":null,"hint":null,"message":"Could not find the 'department_id' column of 'modules' in the schema cache"}
❌ Error syncing BUS-963: {"code":"PGRST204","details":null,"hint":null,"message":"Could not find the 'department_id' column of 'modules' in the schema cache"}
❌ Error syncing BUS-289: {"code":"PGRST204","details":null,"hint":null,"message":"Could not find the 'department_id' column of 'modules' in the schema cache"}
❌ Error syncing BUS-373: {"code":"PGRST204","details":null,"hint":null,"message":"Could not find the 'department_id' column of 'modules' in the schema cache"}
❌ Error syncing BUS-141: {"code":"PGRST204","details":null,"hint":null,"message":"Could not find the 'department_id' column of 'modules' in the schema cache"}
❌ Error syncing BUS-974: {"code":"PGRST204","details":null,"hint":null,"message":"Could not find the 'department_id' column of 'modules' in the schema cache"}
❌ Error syncing BUS-152: {"code":"PGRST204","details":null,"hint":null,"message":"Could not find the 'department_id' column of 'modules' in the schema cache"}
❌ Error syncing ART-570: {"code":"PGRST204","details":null,"hint":null,"message":"Could not find the 'department_id' column of 'modules' in the schema cache"}
❌ Error syncing ART-780: {"code":"PGRST204","details":null,"hint":null,"message":"Could not find the 'department_id' column of 'modules' in the schema cache"}
❌ Error syncing ART-391: {"code":"PGRST204","details":null,"hint":null,"message":"Could not find the 'department_id' column of 'modules' in the schema cache"}
❌ Error syncing ART-995: {"code":"PGRST204","details":null,"hint":null,"message":"Could not find the 'department_id' column of 'modules' in the schema cache"}
❌ Error syncing ART-887: {"code":"PGRST204","details":null,"hint":null,"message":"Could not find the 'department_id' column of 'modules' in the schema cache"}
❌ Error syncing ART-442: {"code":"PGRST204","details":null,"hint":null,"message":"Could not find the 'department_id' column of 'modules' in the schema cache"}
❌ Error syncing ENG-428: {"code":"PGRST204","details":null,"hint":null,"message":"Could not find the 'department_id' column of 'modules' in the schema cache"}
❌ Error syncing ENG-524: {"code":"PGRST204","details":null,"hint":null,"message":"Could not find the 'department_id' column of 'modules' in the schema cache"}
❌ Error syncing ENG-299: {"code":"PGRST204","details":null,"hint":null,"message":"Could not find the 'department_id' column of 'modules' in the schema cache"}
❌ Error syncing ENG-803: {"code":"PGRST204","details":null,"hint":null,"message":"Could not find the 'department_id' column of 'modules' in the schema cache"}
❌ Error syncing ENG-233: {"code":"PGRST204","details":null,"hint":null,"message":"Could not find the 'department_id' column of 'modules' in the schema cache"}
❌ Error syncing BUS-578: {"code":"PGRST204","details":null,"hint":null,"message":"Could not find the 'department_id' column of 'modules' in the schema cache"}
❌ Error syncing BUS-425: {"code":"PGRST204","details":null,"hint":null,"message":"Could not find the 'department_id' column of 'modules' in the schema cache"}
❌ Error syncing BUS-197: {"code":"PGRST204","details":null,"hint":null,"message":"Could not find the 'department_id' column of 'modules' in the schema cache"}
❌ Error syncing BUS-331: {"code":"PGRST204","details":null,"hint":null,"message":"Could not find the 'department_id' column of 'modules' in the schema cache"}
❌ Error syncing BUS-444: {"code":"PGRST204","details":null,"hint":null,"message":"Could not find the 'department_id' column of 'modules' in the schema cache"}
❌ Error syncing BUS-835: {"code":"PGRST204","details":null,"hint":null,"message":"Could not find the 'department_id' column of 'modules' in the schema cache"}
❌ Error syncing ENG-404: {"code":"PGRST204","details":null,"hint":null,"message":"Could not find the 'department_id' column of 'modules' in the schema cache"}
❌ Error syncing ENG-187: {"code":"PGRST204","details":null,"hint":null,"message":"Could not find the 'department_id' column of 'modules' in the schema cache"}
❌ Error syncing ENG-853: {"code":"PGRST204","details":null,"hint":null,"message":"Could not find the 'department_id' column of 'modules' in the schema cache"}
❌ Error syncing ENG-556: {"code":"PGRST204","details":null,"hint":null,"message":"Could not find the 'department_id' column of 'modules' in the schema cache"}
❌ Error syncing ENG-476: {"code":"PGRST204","details":null,"hint":null,"message":"Could not find the 'department_id' column of 'modules' in the schema cache"}
❌ Error syncing ENG-859: {"code":"PGRST204","details":null,"hint":null,"message":"Could not find the 'department_id' column of 'modules' in the schema cache"}
❌ Error syncing ENG-423: {"code":"PGRST204","details":null,"hint":null,"message":"Could not find the 'department_id' column of 'modules' in the schema cache"}
❌ Error syncing ENG-256: {"code":"PGRST204","details":null,"hint":null,"message":"Could not find the 'department_id' column of 'modules' in the schema cache"}
❌ Error syncing ENG-782: {"code":"PGRST204","details":null,"hint":null,"message":"Could not find the 'department_id' column of 'modules' in the schema cache"}
❌ Error syncing ENG-359: {"code":"PGRST204","details":null,"hint":null,"message":"Could not find the 'department_id' column of 'modules' in the schema cache"}
❌ Error syncing ENG-234: {"code":"PGRST204","details":null,"hint":null,"message":"Could not find the 'department_id' column of 'modules' in the schema cache"}
❌ Error syncing ENG-257: {"code":"PGRST204","details":null,"hint":null,"message":"Could not find the 'department_id' column of 'modules' in the schema cache"}
❌ Error syncing ENG-456: {"code":"PGRST204","details":null,"hint":null,"message":"Could not find the 'department_id' column of 'modules' in the schema cache"}
❌ Error syncing BUS-217: {"code":"PGRST204","details":null,"hint":null,"message":"Could not find the 'department_id' column of 'modules' in the schema cache"}
❌ Error syncing BUS-131: {"code":"PGRST204","details":null,"hint":null,"message":"Could not find the 'department_id' column of 'modules' in the schema cache"}
❌ Error syncing BUS-906: {"code":"PGRST204","details":null,"hint":null,"message":"Could not find the 'department_id' column of 'modules' in the schema cache"}
❌ Error syncing BUS-563: {"code":"PGRST204","details":null,"hint":null,"message":"Could not find the 'department_id' column of 'modules' in the schema cache"}
❌ Error syncing BUS-855: {"code":"PGRST204","details":null,"hint":null,"message":"Could not find the 'department_id' column of 'modules' in the schema cache"}
❌ Error syncing BUS-599: {"code":"PGRST204","details":null,"hint":null,"message":"Could not find the 'department_id' column of 'modules' in the schema cache"}
❌ Error syncing ENG-546: {"code":"PGRST204","details":null,"hint":null,"message":"Could not find the 'department_id' column of 'modules' in the schema cache"}
❌ Error syncing ENG-572: {"code":"PGRST204","details":null,"hint":null,"message":"Could not find the 'department_id' column of 'modules' in the schema cache"}
❌ Error syncing ENG-644: {"code":"PGRST204","details":null,"hint":null,"message":"Could not find the 'department_id' column of 'modules' in the schema cache"}
❌ Error syncing ENG-687: {"code":"PGRST204","details":null,"hint":null,"message":"Could not find the 'department_id' column of 'modules' in the schema cache"}
❌ Error syncing ENG-910: {"code":"PGRST204","details":null,"hint":null,"message":"Could not find the 'department_id' column of 'modules' in the schema cache"}
❌ Error syncing ENG-553: {"code":"PGRST204","details":null,"hint":null,"message":"Could not find the 'department_id' column of 'modules' in the schema cache"}
❌ Error syncing ENG-972: {"code":"PGRST204","details":null,"hint":null,"message":"Could not find the 'department_id' column of 'modules' in the schema cache"}
